<?xml version="1.0" encoding="UTF-8"?>
<!-- Generated by org.testng.reporters.JUnitXMLReporter -->
<testsuite ignored="0" hostname="DESKTOP-RG8TKHE" failures="0" tests="8" name="Default test" time="101.183" errors="0" timestamp="2025-07-04T12:50:13 WIB">
  <testcase classname="tests.LoginPageTest" name="verifyLoginFunctionality" time="1.54"/>
  <testcase classname="tests.LoginPageTest" name="verifyLoginFunctionality" time="2.67"/>
  <testcase classname="tests.LoginPageTest" name="verifyLoginFunctionality" time="1.733"/>
  <testcase classname="tests.LoginPageTest" name="verifyLoginFunctionality" time="2.103"/>
  <testcase classname="tests.LoginPageTest" name="verifyLoginFunctionality" time="1.652"/>
  <testcase classname="tests.LoginPageTest" name="verifyLogo" time="0.136"/>
  <testcase classname="tests.LoginPageTest" name="verifyPageTitle" time="0.016"/>
  <testcase classname="tests.LoginPageTest" name="verifyURL" time="0.084"/>
</testsuite> <!-- Default test -->
